date: 2014-03-23 15:10:52.831
argv: node /usr/local/bin/hexo s
os: Darwin 13.1.0 darwin x64
version:
  hexo: 2.5.2
  http_parser: 1.0
  node: 0.10.26
  v8: 3.14.5.9
  ares: 1.9.0-DEV
  uv: 0.10.25
  zlib: 1.2.3
  modules: 11
  openssl: 1.0.1e
---

[debug] 15:10:52.087 Config file loaded
[debug] 15:10:52.091 Version info checked successfully
[debug] 15:10:52.111 Loading database.
[debug] 15:10:52.157 Plugin loaded successfully: hexo-generator-feed
[debug] 15:10:52.184 Plugin loaded successfully: hexo-generator-sitemap
[debug] 15:10:52.418 Plugin loaded successfully: hexo-renderer-jade
[debug] 15:10:52.421 Script load successfully: fancybox.js
[debug] 15:10:52.449 Processed: CNAME
[debug] 15:10:52.449 Processed: favicon.ico
[debug] 15:10:52.461 Processed: Gruntfile.js
[debug] 15:10:52.461 Processed: LICENSE
[debug] 15:10:52.461 Processed: README.md
[debug] 15:10:52.461 Processed: package.json
[debug] 15:10:52.461 Processed: scripts/fancybox.js
[debug] 15:10:52.477 Processed: source/css/_extend.styl
[debug] 15:10:52.477 Processed: source/css/_variables.styl
[debug] 15:10:52.478 Processed: source/css/_partial/archive.styl
[debug] 15:10:52.478 Processed: source/css/_partial/article.styl
[debug] 15:10:52.478 Processed: source/css/_partial/comment.styl
[debug] 15:10:52.478 Processed: source/css/_partial/footer.styl
[debug] 15:10:52.478 Processed: source/css/_partial/header.styl
[debug] 15:10:52.478 Processed: source/css/_partial/highlight.styl
[debug] 15:10:52.478 Processed: source/css/_partial/mobile.styl
[debug] 15:10:52.478 Processed: source/css/_partial/sidebar-aside.styl
[debug] 15:10:52.478 Processed: source/css/_partial/sidebar-bottom.styl
[debug] 15:10:52.478 Processed: source/css/_partial/sidebar.styl
[debug] 15:10:52.478 Processed: source/css/_util/grid.styl
[debug] 15:10:52.478 Processed: source/css/_util/mixin.styl
[debug] 15:10:52.489 Processed: source/js/script.js
[debug] 15:10:52.489 Processed: source/css/style.styl
[debug] 15:10:52.490 Processed: source/css/fonts/FontAwesome.otf
[debug] 15:10:52.490 Processed: source/css/fonts/fontawesome-webfont.eot
[debug] 15:10:52.490 Processed: source/css/fonts/fontawesome-webfont.svg
[debug] 15:10:52.492 Processed: source/css/fonts/fontawesome-webfont.ttf
[debug] 15:10:52.493 Processed: source/css/fonts/fontawesome-webfont.woff
[debug] 15:10:52.493 Processed: source/css/images/banner1.jpg
[debug] 15:10:52.494 Processed: source/css/images/banner2.jpg
[debug] 15:10:52.494 Processed: source/css/images/banner3.jpg
[debug] 15:10:52.495 Processed: source/fancybox/blank.gif
[debug] 15:10:52.496 Processed: source/fancybox/fancybox_loading.gif
[debug] 15:10:52.496 Processed: source/fancybox/fancybox_loading@2x.gif
[debug] 15:10:52.497 Processed: source/fancybox/fancybox_overlay.png
[debug] 15:10:52.497 Processed: source/fancybox/fancybox_sprite.png
[debug] 15:10:52.498 Processed: source/fancybox/fancybox_sprite@2x.png
[debug] 15:10:52.498 Processed: source/fancybox/jquery.fancybox.css
[debug] 15:10:52.499 Processed: source/fancybox/jquery.fancybox.js
[debug] 15:10:52.500 Processed: source/fancybox/jquery.fancybox.pack.js
[debug] 15:10:52.500 Processed: source/fancybox/helpers/fancybox_buttons.png
[debug] 15:10:52.501 Processed: source/fancybox/helpers/jquery.fancybox-buttons.css
[debug] 15:10:52.502 Processed: source/fancybox/helpers/jquery.fancybox-buttons.js
[debug] 15:10:52.503 Processed: source/fancybox/helpers/jquery.fancybox-media.js
[debug] 15:10:52.504 Processed: source/fancybox/helpers/jquery.fancybox-thumbs.css
[debug] 15:10:52.504 Processed: source/fancybox/helpers/jquery.fancybox-thumbs.js
[debug] 15:10:52.708 Processed: layout/archive.ejs
[debug] 15:10:52.708 Processed: layout/category.ejs
[debug] 15:10:52.708 Processed: layout/index.ejs
[debug] 15:10:52.708 Processed: layout/layout.ejs
[debug] 15:10:52.708 Processed: layout/page.ejs
[debug] 15:10:52.708 Processed: layout/post.ejs
[debug] 15:10:52.708 Processed: layout/tag.ejs
[debug] 15:10:52.708 Processed: layout/_widget/archive.ejs
[debug] 15:10:52.709 Processed: layout/_widget/category.ejs
[debug] 15:10:52.709 Processed: layout/_widget/recent_posts.ejs
[debug] 15:10:52.709 Processed: layout/_widget/tag.ejs
[debug] 15:10:52.709 Processed: layout/_widget/tagcloud.ejs
[debug] 15:10:52.709 Processed: layout/_widget/weibo.ejs
[debug] 15:10:52.709 Processed: layout/_partial/after-footer.ejs
[debug] 15:10:52.709 Processed: layout/_partial/archive-post.ejs
[debug] 15:10:52.710 Processed: layout/_partial/archive.ejs
[debug] 15:10:52.710 Processed: layout/_partial/article.ejs
[debug] 15:10:52.710 Processed: layout/_partial/footer.ejs
[debug] 15:10:52.710 Processed: layout/_partial/google-analytics.ejs
[debug] 15:10:52.710 Processed: layout/_partial/head.ejs
[debug] 15:10:52.710 Processed: layout/_partial/header.ejs
[debug] 15:10:52.710 Processed: layout/_partial/mobile-nav.ejs
[debug] 15:10:52.710 Processed: layout/_partial/sidebar.ejs
[debug] 15:10:52.710 Processed: layout/_partial/post/category.ejs
[debug] 15:10:52.710 Processed: layout/_partial/post/date.ejs
[debug] 15:10:52.710 Processed: layout/_partial/post/gallery.ejs
[debug] 15:10:52.710 Processed: layout/_partial/post/nav.ejs
[debug] 15:10:52.710 Processed: layout/_partial/post/tag.ejs
[debug] 15:10:52.710 Processed: layout/_partial/post/title.ejs
[debug] 15:10:52.726 Theme config loaded
[debug] 15:10:52.727 Processed: _config.yml
[debug] 15:10:52.752 Processed: _posts/2012-10-01-first-blood.markdown
[debug] 15:10:52.754 Processed: _posts/2013-01-03-jiu-zhe-yao-dao-liao-2013nian-liao.markdown
[debug] 15:10:52.754 Processed: _posts/2013-01-06-zsh-alias-with-parameters.markdown
[debug] 15:10:52.754 Processed: _posts/2013-09-05-using-rvm-manage-your-gems.markdown
[debug] 15:10:52.754 Processed: _posts/2013-09-08-rspec-feature-ce-shi-jian-jie.markdown
[debug] 15:10:52.754 Processed: _posts/2014-03-02-shi-yong-oh-my-zshnei-zhi-cha-jian-sheng-lue-bundle-exec.markdown
[error] 15:10:52.826 Error: listen EADDRINUSE
Error: listen EADDRINUSE
    at errnoException (net.js:904:11)
    at Server._listen2 (net.js:1042:14)
    at listen (net.js:1064:10)
    at net.js:1146:9
    at dns.js:72:18
    at process._tickDomainCallback (node.js:459:13)
